c:\users\satoshi\desktop\knighttour2\knighttour\debug\knighttour.pch
c:\users\satoshi\desktop\knighttour2\knighttour\debug\vc142.pdb
c:\users\satoshi\desktop\knighttour2\knighttour\debug\vc142.idb
c:\users\satoshi\desktop\knighttour2\knighttour\debug\stdafx.obj
c:\users\satoshi\desktop\knighttour2\knighttour\debug\newstartposition.obj
c:\users\satoshi\desktop\knighttour2\knighttour\debug\mainfrm.obj
c:\users\satoshi\desktop\knighttour2\knighttour\debug\knighttourview.obj
c:\users\satoshi\desktop\knighttour2\knighttour\debug\knighttourdoc.obj
c:\users\satoshi\desktop\knighttour2\knighttour\debug\knighttour.obj
c:\users\satoshi\desktop\knighttour2\knighttour\debug\dialogspeed.obj
c:\users\satoshi\desktop\knighttour2\knighttour\debug\childfrm.obj
c:\users\satoshi\desktop\knighttour2\debug\knighttour.exe
c:\users\satoshi\desktop\knighttour2\debug\knighttour.ilk
c:\users\satoshi\desktop\knighttour2\debug\knighttour.pdb
c:\users\satoshi\desktop\knighttour2\knighttour\debug\knighttour.res
c:\users\satoshi\desktop\knighttour2\knighttour\debug\knighttour.tlog\cl.command.1.tlog
c:\users\satoshi\desktop\knighttour2\knighttour\debug\knighttour.tlog\cl.read.1.tlog
c:\users\satoshi\desktop\knighttour2\knighttour\debug\knighttour.tlog\cl.write.1.tlog
c:\users\satoshi\desktop\knighttour2\knighttour\debug\knighttour.tlog\link.command.1.tlog
c:\users\satoshi\desktop\knighttour2\knighttour\debug\knighttour.tlog\link.read.1.tlog
c:\users\satoshi\desktop\knighttour2\knighttour\debug\knighttour.tlog\link.write.1.tlog
c:\users\satoshi\desktop\knighttour2\knighttour\debug\knighttour.tlog\rc.command.1.tlog
c:\users\satoshi\desktop\knighttour2\knighttour\debug\knighttour.tlog\rc.read.1.tlog
c:\users\satoshi\desktop\knighttour2\knighttour\debug\knighttour.tlog\rc.write.1.tlog
